<?xml version="1.0" encoding="UTF-8"?>
<testsuites name="jest tests" tests="29" failures="0" errors="0" time="3.125">
  <testsuite name="src/__tests__/env.test.ts" errors="0" failures="0" skipped="0" timestamp="2025-12-14T07:37:27" time="2.689" tests="10">
    <testcase classname="getRequiredEnv" name="should return environment variable value if it exists" time="0.003">
    </testcase>
    <testcase classname="getRequiredEnv" name="should throw error if environment variable is missing" time="0.012">
    </testcase>
    <testcase classname="getRequiredEnv" name="should throw error if environment variable is empty" time="0.002">
    </testcase>
    <testcase classname="getOptionalEnv" name="should return environment variable value if it exists" time="0.007">
    </testcase>
    <testcase classname="getOptionalEnv" name="should return default value if variable is missing" time="0.003">
    </testcase>
    <testcase classname="getOptionalEnv" name="should return default value if variable is empty" time="0.002">
    </testcase>
    <testcase classname="getOptionalEnv" name="should return undefined if no default provided and variable missing" time="0.001">
    </testcase>
    <testcase classname="validateEnvVars" name="should not throw if all required variables are set" time="0.002">
    </testcase>
    <testcase classname="validateEnvVars" name="should throw if any required variable is missing" time="0.003">
    </testcase>
    <testcase classname="validateEnvVars" name="should throw with multiple missing variables" time="0.002">
    </testcase>
  </testsuite>
  <testsuite name="src/__tests__/utils.test.ts" errors="0" failures="0" skipped="0" timestamp="2025-12-14T07:37:30" time="0.096" tests="13">
    <testcase classname="formatDate" name="should format date to YYYY-MM-DD" time="0.023">
    </testcase>
    <testcase classname="formatDate" name="should handle date strings" time="0.001">
    </testcase>
    <testcase classname="formatDate" name="should handle invalid dates gracefully" time="0.001">
    </testcase>
    <testcase classname="formatCurrency" name="should format numbers as USD currency" time="0.006">
    </testcase>
    <testcase classname="formatCurrency" name="should handle zero" time="0.001">
    </testcase>
    <testcase classname="formatCurrency" name="should handle negative numbers" time="0.001">
    </testcase>
    <testcase classname="formatCurrency" name="should round to 2 decimal places" time="0.001">
    </testcase>
    <testcase classname="generateTrackingNumber" name="should generate tracking number with IFE prefix" time="0.002">
    </testcase>
    <testcase classname="generateTrackingNumber" name="should generate unique tracking numbers" time="0.001">
    </testcase>
    <testcase classname="generateTrackingNumber" name="should be 16 characters long" time="0">
    </testcase>
    <testcase classname="debounce" name="should delay function execution" time="0.008">
    </testcase>
    <testcase classname="debounce" name="should only execute once for multiple rapid calls" time="0.001">
    </testcase>
    <testcase classname="debounce" name="should pass arguments to the debounced function" time="0.002">
    </testcase>
  </testsuite>
  <testsuite name="src/__tests__/constants.test.ts" errors="0" failures="0" skipped="0" timestamp="2025-12-14T07:37:30" time="0.054" tests="6">
    <testcase classname="HTTP_STATUS" name="should have correct status codes" time="0.002">
    </testcase>
    <testcase classname="ERROR_MESSAGES" name="should have standard error messages" time="0.002">
    </testcase>
    <testcase classname="SHIPMENT_STATUSES" name="should have all shipment status values" time="0">
    </testcase>
    <testcase classname="SHIPMENT_STATUSES" name="should have exactly 4 statuses" time="0.001">
    </testcase>
    <testcase classname="USER_ROLES" name="should have all user role values" time="0.001">
    </testcase>
    <testcase classname="USER_ROLES" name="should have exactly 3 roles" time="0">
    </testcase>
  </testsuite>
</testsuites>