<?xml version="1.0" encoding="UTF-8"?>
<testsuites name="jest tests" tests="194" failures="20" errors="0" time="4.735">
  <testsuite name="__tests__/routes.billing.test.js" errors="0" failures="9" skipped="0" timestamp="2025-12-16T09:13:13" time="1.406" tests="21">
    <testcase classname="Billing Routes › POST /billing/stripe/session" name="should create Stripe session successfully" time="0.598">
    </testcase>
    <testcase classname="Billing Routes › POST /billing/stripe/session" name="should return 503 when Stripe not configured" time="0.011">
      <failure>Error: expect(received).toBe(expected) // Object.is equality

Expected: 503
Received: 200
    at Object.toBe (/workspaces/Infamous-freight-enterprises/api/__tests__/routes.billing.test.js:156:31)
    at processTicksAndRejections (node:internal/process/task_queues:105:5)</failure>
    </testcase>
    <testcase classname="Billing Routes › POST /billing/stripe/session" name="should return 503 when success URL not configured" time="0.009">
      <failure>Error: expect(received).toBe(expected) // Object.is equality

Expected: &quot;Stripe success/cancel URLs not configured&quot;
Received: &quot;Server Error&quot;
    at Object.toBe (/workspaces/Infamous-freight-enterprises/api/__tests__/routes.billing.test.js:178:35)
    at processTicksAndRejections (node:internal/process/task_queues:105:5)</failure>
    </testcase>
    <testcase classname="Billing Routes › POST /billing/stripe/session" name="should return 503 when cancel URL not configured" time="0.005">
      <failure>Error: expect(received).toBe(expected) // Object.is equality

Expected: &quot;Stripe success/cancel URLs not configured&quot;
Received: &quot;Server Error&quot;
    at Object.toBe (/workspaces/Infamous-freight-enterprises/api/__tests__/routes.billing.test.js:199:35)
    at processTicksAndRejections (node:internal/process/task_queues:105:5)</failure>
    </testcase>
    <testcase classname="Billing Routes › POST /billing/stripe/session" name="should handle Stripe API errors" time="0.004">
      <failure>Error: expect(received).toBe(expected) // Object.is equality

Expected: 500
Received: 200
    at Object.toBe (/workspaces/Infamous-freight-enterprises/api/__tests__/routes.billing.test.js:212:31)
    at processTicksAndRejections (node:internal/process/task_queues:105:5)</failure>
    </testcase>
    <testcase classname="Billing Routes › POST /billing/stripe/session" name="should require authentication" time="0.004">
    </testcase>
    <testcase classname="Billing Routes › POST /billing/stripe/session" name="should require billing:write scope" time="0.003">
    </testcase>
    <testcase classname="Billing Routes › POST /billing/paypal/order" name="should create PayPal order successfully" time="0.006">
      <failure>Error: expect(received).toBe(expected) // Object.is equality

Expected: 200
Received: 500
    at Object.toBe (/workspaces/Infamous-freight-enterprises/api/__tests__/routes.billing.test.js:251:31)
    at processTicksAndRejections (node:internal/process/task_queues:105:5)</failure>
    </testcase>
    <testcase classname="Billing Routes › POST /billing/paypal/order" name="should handle order without approval link" time="0.006">
      <failure>Error: expect(received).toBe(expected) // Object.is equality

Expected: 200
Received: 500
    at Object.toBe (/workspaces/Infamous-freight-enterprises/api/__tests__/routes.billing.test.js:274:31)
    at processTicksAndRejections (node:internal/process/task_queues:105:5)</failure>
    </testcase>
    <testcase classname="Billing Routes › POST /billing/paypal/order" name="should return 503 when PayPal not configured" time="0.004">
      <failure>Error: expect(received).toBe(expected) // Object.is equality

Expected: 503
Received: 500
    at Object.toBe (/workspaces/Infamous-freight-enterprises/api/__tests__/routes.billing.test.js:299:31)
    at processTicksAndRejections (node:internal/process/task_queues:105:5)</failure>
    </testcase>
    <testcase classname="Billing Routes › POST /billing/paypal/order" name="should handle PayPal API errors" time="0.005">
    </testcase>
    <testcase classname="Billing Routes › POST /billing/paypal/order" name="should require authentication" time="0.004">
    </testcase>
    <testcase classname="Billing Routes › POST /billing/paypal/order" name="should require billing:write scope" time="0.005">
    </testcase>
    <testcase classname="Billing Routes › POST /billing/paypal/capture" name="should capture PayPal order successfully" time="0.012">
      <failure>Error: expect(received).toBe(expected) // Object.is equality

Expected: 200
Received: 500
    at Object.toBe (/workspaces/Infamous-freight-enterprises/api/__tests__/routes.billing.test.js:350:31)
    at processTicksAndRejections (node:internal/process/task_queues:105:5)</failure>
    </testcase>
    <testcase classname="Billing Routes › POST /billing/paypal/capture" name="should validate orderId is required" time="0.007">
    </testcase>
    <testcase classname="Billing Routes › POST /billing/paypal/capture" name="should validate orderId length" time="0.003">
    </testcase>
    <testcase classname="Billing Routes › POST /billing/paypal/capture" name="should validate orderId max length" time="0.002">
    </testcase>
    <testcase classname="Billing Routes › POST /billing/paypal/capture" name="should return 503 when PayPal not configured" time="0.003">
      <failure>Error: expect(received).toBe(expected) // Object.is equality

Expected: 503
Received: 500
    at Object.toBe (/workspaces/Infamous-freight-enterprises/api/__tests__/routes.billing.test.js:403:31)
    at processTicksAndRejections (node:internal/process/task_queues:105:5)</failure>
    </testcase>
    <testcase classname="Billing Routes › POST /billing/paypal/capture" name="should handle PayPal capture errors" time="0.005">
    </testcase>
    <testcase classname="Billing Routes › POST /billing/paypal/capture" name="should require authentication" time="0.002">
    </testcase>
    <testcase classname="Billing Routes › POST /billing/paypal/capture" name="should require billing:write scope" time="0.002">
    </testcase>
  </testsuite>
  <testsuite name="__tests__/security.test.js" errors="0" failures="4" skipped="0" timestamp="2025-12-16T09:13:14" time="0.232" tests="32">
    <testcase classname="Security Middleware › authenticate" name="should authenticate valid JWT token" time="0.031">
    </testcase>
    <testcase classname="Security Middleware › authenticate" name="should reject missing authorization header" time="0.001">
    </testcase>
    <testcase classname="Security Middleware › authenticate" name="should reject authorization header without Bearer prefix" time="0">
    </testcase>
    <testcase classname="Security Middleware › authenticate" name="should reject invalid JWT token" time="0.001">
    </testcase>
    <testcase classname="Security Middleware › authenticate" name="should reject expired JWT token" time="0.004">
    </testcase>
    <testcase classname="Security Middleware › authenticate" name="should reject token with wrong secret" time="0.003">
    </testcase>
    <testcase classname="Security Middleware › authenticate" name="should handle Bearer token with extra whitespace" time="0.003">
    </testcase>
    <testcase classname="Security Middleware › authenticate" name="should skip authentication when JWT_SECRET not set" time="0.001">
    </testcase>
    <testcase classname="Security Middleware › authenticate" name="should handle malformed JWT structure" time="0.001">
    </testcase>
    <testcase classname="Security Middleware › authenticate" name="should handle empty Bearer token" time="0.001">
    </testcase>
    <testcase classname="Security Middleware › requireScope" name="should allow access with required scope" time="0.001">
    </testcase>
    <testcase classname="Security Middleware › requireScope" name="should deny access without required scope" time="0.001">
    </testcase>
    <testcase classname="Security Middleware › requireScope" name="should deny access when user has no scopes" time="0.001">
    </testcase>
    <testcase classname="Security Middleware › requireScope" name="should deny access when user is undefined" time="0.001">
    </testcase>
    <testcase classname="Security Middleware › requireScope" name="should allow access when scope is not specified" time="0.002">
    </testcase>
    <testcase classname="Security Middleware › requireScope" name="should allow access when scope is empty string" time="0.001">
    </testcase>
    <testcase classname="Security Middleware › requireScope" name="should check exact scope match" time="0.002">
    </testcase>
    <testcase classname="Security Middleware › auditLog" name="should log request details when audit logging enabled" time="0.003">
    </testcase>
    <testcase classname="Security Middleware › auditLog" name="should not log when audit logging disabled" time="0.003">
    </testcase>
    <testcase classname="Security Middleware › auditLog" name="should log when AUDIT_LOG not set (defaults to on)" time="0.01">
    </testcase>
    <testcase classname="Security Middleware › auditLog" name="should handle missing user in request" time="0">
    </testcase>
    <testcase classname="Security Middleware › auditLog" name="should include timestamp in log" time="0.002">
    </testcase>
    <testcase classname="Security Middleware › rateLimit" name="should allow request when under rate limit" time="0.003">
      <failure>Error: expect(jest.fn()).toHaveBeenCalledWith(...expected)

Expected: &quot;127.0.0.1&quot;

Number of calls: 0
    at Object.toHaveBeenCalledWith (/workspaces/Infamous-freight-enterprises/api/__tests__/security.test.js:317:27)</failure>
    </testcase>
    <testcase classname="Security Middleware › rateLimit" name="should reject request when rate limit exceeded" time="0.002">
      <failure>Error: expect(jest.fn()).toHaveBeenCalledWith(...expected)

Expected: ObjectContaining {&quot;message&quot;: &quot;Too many requests&quot;, &quot;status&quot;: 429}
Received: called with 0 arguments

Number of calls: 1
    at Object.toHaveBeenCalledWith (/workspaces/Infamous-freight-enterprises/api/__tests__/security.test.js:333:20)</failure>
    </testcase>
    <testcase classname="Security Middleware › rateLimit" name="should use connection.remoteAddress when ip not available" time="0.001">
      <failure>Error: expect(jest.fn()).toHaveBeenCalledWith(...expected)

Expected: &quot;10.0.0.1&quot;

Number of calls: 0
    at Object.toHaveBeenCalledWith (/workspaces/Infamous-freight-enterprises/api/__tests__/security.test.js:356:27)</failure>
    </testcase>
    <testcase classname="Security Middleware › rateLimit" name="should use &apos;global&apos; when neither ip nor remoteAddress available" time="0.001">
      <failure>Error: expect(jest.fn()).toHaveBeenCalledWith(...expected)

Expected: &quot;global&quot;

Number of calls: 0
    at Object.toHaveBeenCalledWith (/workspaces/Infamous-freight-enterprises/api/__tests__/security.test.js:374:27)</failure>
    </testcase>
    <testcase classname="Security Middleware › createLimiter" name="should create limiter with default options" time="0.001">
    </testcase>
    <testcase classname="Security Middleware › createLimiter" name="should create limiter with custom options" time="0.002">
    </testcase>
    <testcase classname="Security Middleware › limiters presets" name="should export general limiter" time="0">
    </testcase>
    <testcase classname="Security Middleware › limiters presets" name="should export auth limiter" time="0.001">
    </testcase>
    <testcase classname="Security Middleware › limiters presets" name="should export billing limiter" time="0.001">
    </testcase>
    <testcase classname="Security Middleware › limiters presets" name="should export ai limiter" time="0.001">
    </testcase>
  </testsuite>
  <testsuite name="__tests__/routes.shipments.test.js" errors="0" failures="0" skipped="0" timestamp="2025-12-16T09:13:14" time="1.162" tests="15">
    <testcase classname="Shipments API Routes › GET /api/shipments" name="returns all shipments when authenticated" time="0.01">
    </testcase>
    <testcase classname="Shipments API Routes › GET /api/shipments" name="filters shipments by status" time="0.004">
    </testcase>
    <testcase classname="Shipments API Routes › GET /api/shipments" name="filters shipments by driverId" time="0.003">
    </testcase>
    <testcase classname="Shipments API Routes › GET /api/shipments" name="returns 401 when not authenticated" time="0.002">
    </testcase>
    <testcase classname="Shipments API Routes › GET /api/shipments" name="returns 403 when missing required scope" time="0.003">
    </testcase>
    <testcase classname="Shipments API Routes › GET /api/shipments/:id" name="returns shipment by ID with driver details" time="0.012">
    </testcase>
    <testcase classname="Shipments API Routes › GET /api/shipments/:id" name="returns 404 when shipment not found" time="0.002">
    </testcase>
    <testcase classname="Shipments API Routes › POST /api/shipments" name="creates shipment with transaction and event logging" time="0.005">
    </testcase>
    <testcase classname="Shipments API Routes › POST /api/shipments" name="returns 400 when required fields missing" time="0.003">
    </testcase>
    <testcase classname="Shipments API Routes › POST /api/shipments" name="returns 403 when missing shipments:write scope" time="0.002">
    </testcase>
    <testcase classname="Shipments API Routes › PATCH /api/shipments/:id" name="updates shipment with transaction" time="0.003">
    </testcase>
    <testcase classname="Shipments API Routes › PATCH /api/shipments/:id" name="returns 404 when shipment not found during update" time="0.003">
    </testcase>
    <testcase classname="Shipments API Routes › DELETE /api/shipments/:id" name="deletes shipment successfully" time="0.003">
    </testcase>
    <testcase classname="Shipments API Routes › DELETE /api/shipments/:id" name="returns 404 when shipment not found during delete" time="0.006">
    </testcase>
    <testcase classname="Shipments API Routes › DELETE /api/shipments/:id" name="returns 403 when missing shipments:write scope" time="0.005">
    </testcase>
  </testsuite>
  <testsuite name="__tests__/config.test.js" errors="0" failures="2" skipped="0" timestamp="2025-12-16T09:13:16" time="0.131" tests="30">
    <testcase classname="Config › Constructor and environment detection" name="should default to development environment" time="0.002">
    </testcase>
    <testcase classname="Config › Constructor and environment detection" name="should detect production environment" time="0.001">
      <failure>Error: expect(received).toBe(expected) // Object.is equality

Expected: &quot;production&quot;
Received: &quot;development&quot;
    at Object.toBe (/workspaces/Infamous-freight-enterprises/api/__tests__/config.test.js:58:30)
    at Promise.finally.completed (/workspaces/Infamous-freight-enterprises/node_modules/.pnpm/jest-circus@30.2.0/node_modules/jest-circus/build/jestAdapterInit.js:1557:28)
    at new Promise (&lt;anonymous&gt;)
    at callAsyncCircusFn (/workspaces/Infamous-freight-enterprises/node_modules/.pnpm/jest-circus@30.2.0/node_modules/jest-circus/build/jestAdapterInit.js:1497:10)
    at _callCircusTest (/workspaces/Infamous-freight-enterprises/node_modules/.pnpm/jest-circus@30.2.0/node_modules/jest-circus/build/jestAdapterInit.js:1007:40)
    at _runTest (/workspaces/Infamous-freight-enterprises/node_modules/.pnpm/jest-circus@30.2.0/node_modules/jest-circus/build/jestAdapterInit.js:947:3)
    at /workspaces/Infamous-freight-enterprises/node_modules/.pnpm/jest-circus@30.2.0/node_modules/jest-circus/build/jestAdapterInit.js:849:7
    at _runTestsForDescribeBlock (/workspaces/Infamous-freight-enterprises/node_modules/.pnpm/jest-circus@30.2.0/node_modules/jest-circus/build/jestAdapterInit.js:862:11)
    at _runTestsForDescribeBlock (/workspaces/Infamous-freight-enterprises/node_modules/.pnpm/jest-circus@30.2.0/node_modules/jest-circus/build/jestAdapterInit.js:857:11)
    at _runTestsForDescribeBlock (/workspaces/Infamous-freight-enterprises/node_modules/.pnpm/jest-circus@30.2.0/node_modules/jest-circus/build/jestAdapterInit.js:857:11)
    at run (/workspaces/Infamous-freight-enterprises/node_modules/.pnpm/jest-circus@30.2.0/node_modules/jest-circus/build/jestAdapterInit.js:761:3)
    at runAndTransformResultsToJestFormat (/workspaces/Infamous-freight-enterprises/node_modules/.pnpm/jest-circus@30.2.0/node_modules/jest-circus/build/jestAdapterInit.js:1918:21)
    at jestAdapter (/workspaces/Infamous-freight-enterprises/node_modules/.pnpm/jest-circus@30.2.0/node_modules/jest-circus/build/runner.js:101:19)
    at runTestInternal (/workspaces/Infamous-freight-enterprises/node_modules/.pnpm/jest-runner@30.2.0/node_modules/jest-runner/build/index.js:275:16)
    at runTest (/workspaces/Infamous-freight-enterprises/node_modules/.pnpm/jest-runner@30.2.0/node_modules/jest-runner/build/index.js:343:7)</failure>
    </testcase>
    <testcase classname="Config › getApiConfig" name="should return API configuration with defaults" time="0.001">
    </testcase>
    <testcase classname="Config › getApiConfig" name="should use custom API configuration" time="0.001">
    </testcase>
    <testcase classname="Config › getDatabaseUrl" name="should return database URL" time="0">
    </testcase>
    <testcase classname="Config › getDatabaseUrl" name="should throw error when DATABASE_URL is missing" time="0.008">
    </testcase>
    <testcase classname="Config › getCorsOrigins" name="should return default CORS origins" time="0.001">
    </testcase>
    <testcase classname="Config › getCorsOrigins" name="should parse multiple CORS origins" time="0.001">
    </testcase>
    <testcase classname="Config › getApiKeys" name="should throw errors when required API keys are missing" time="0.002">
    </testcase>
    <testcase classname="Config › getApiKeys" name="should return all API keys when present" time="0.001">
    </testcase>
    <testcase classname="Config › getJwtSecret" name="should return JWT secret" time="0">
    </testcase>
    <testcase classname="Config › getJwtSecret" name="should throw error when JWT_SECRET is missing" time="0.002">
    </testcase>
    <testcase classname="Config › getLogLevel" name="should return debug log level in development" time="0.001">
    </testcase>
    <testcase classname="Config › getLogLevel" name="should return error log level in production" time="0.002">
      <failure>Error: expect(received).toBe(expected) // Object.is equality

Expected: &quot;error&quot;
Received: &quot;debug&quot;
    at Object.toBe (/workspaces/Infamous-freight-enterprises/api/__tests__/config.test.js:181:36)
    at Promise.finally.completed (/workspaces/Infamous-freight-enterprises/node_modules/.pnpm/jest-circus@30.2.0/node_modules/jest-circus/build/jestAdapterInit.js:1557:28)
    at new Promise (&lt;anonymous&gt;)
    at callAsyncCircusFn (/workspaces/Infamous-freight-enterprises/node_modules/.pnpm/jest-circus@30.2.0/node_modules/jest-circus/build/jestAdapterInit.js:1497:10)
    at _callCircusTest (/workspaces/Infamous-freight-enterprises/node_modules/.pnpm/jest-circus@30.2.0/node_modules/jest-circus/build/jestAdapterInit.js:1007:40)
    at _runTest (/workspaces/Infamous-freight-enterprises/node_modules/.pnpm/jest-circus@30.2.0/node_modules/jest-circus/build/jestAdapterInit.js:947:3)
    at /workspaces/Infamous-freight-enterprises/node_modules/.pnpm/jest-circus@30.2.0/node_modules/jest-circus/build/jestAdapterInit.js:849:7
    at _runTestsForDescribeBlock (/workspaces/Infamous-freight-enterprises/node_modules/.pnpm/jest-circus@30.2.0/node_modules/jest-circus/build/jestAdapterInit.js:862:11)
    at _runTestsForDescribeBlock (/workspaces/Infamous-freight-enterprises/node_modules/.pnpm/jest-circus@30.2.0/node_modules/jest-circus/build/jestAdapterInit.js:857:11)
    at _runTestsForDescribeBlock (/workspaces/Infamous-freight-enterprises/node_modules/.pnpm/jest-circus@30.2.0/node_modules/jest-circus/build/jestAdapterInit.js:857:11)
    at run (/workspaces/Infamous-freight-enterprises/node_modules/.pnpm/jest-circus@30.2.0/node_modules/jest-circus/build/jestAdapterInit.js:761:3)
    at runAndTransformResultsToJestFormat (/workspaces/Infamous-freight-enterprises/node_modules/.pnpm/jest-circus@30.2.0/node_modules/jest-circus/build/jestAdapterInit.js:1918:21)
    at jestAdapter (/workspaces/Infamous-freight-enterprises/node_modules/.pnpm/jest-circus@30.2.0/node_modules/jest-circus/build/runner.js:101:19)
    at runTestInternal (/workspaces/Infamous-freight-enterprises/node_modules/.pnpm/jest-runner@30.2.0/node_modules/jest-runner/build/index.js:275:16)
    at runTest (/workspaces/Infamous-freight-enterprises/node_modules/.pnpm/jest-runner@30.2.0/node_modules/jest-runner/build/index.js:343:7)</failure>
    </testcase>
    <testcase classname="Config › getLogLevel" name="should use custom log level" time="0.001">
    </testcase>
    <testcase classname="Config › Helper methods › requireEnv" name="should return environment variable value" time="0.001">
    </testcase>
    <testcase classname="Config › Helper methods › requireEnv" name="should return default value when variable is missing" time="0.001">
    </testcase>
    <testcase classname="Config › Helper methods › requireEnv" name="should throw error when variable is missing and no default" time="0.001">
    </testcase>
    <testcase classname="Config › Helper methods › getEnv" name="should return environment variable value" time="0">
    </testcase>
    <testcase classname="Config › Helper methods › getEnv" name="should return default value when variable is missing" time="0.001">
    </testcase>
    <testcase classname="Config › Helper methods › getEnv" name="should return empty string when no default provided" time="0.001">
    </testcase>
    <testcase classname="Config › Helper methods › getBoolean" name="should return true for &apos;true&apos; value" time="0">
    </testcase>
    <testcase classname="Config › Helper methods › getBoolean" name="should return true for &apos;TRUE&apos; value" time="0.001">
    </testcase>
    <testcase classname="Config › Helper methods › getBoolean" name="should return false for &apos;false&apos; value" time="0">
    </testcase>
    <testcase classname="Config › Helper methods › getBoolean" name="should return default value when variable is missing" time="0">
    </testcase>
    <testcase classname="Config › Helper methods › getBoolean" name="should return false when variable is missing and no default" time="0">
    </testcase>
    <testcase classname="Config › Helper methods › getNumber" name="should parse number from string" time="0.001">
    </testcase>
    <testcase classname="Config › Helper methods › getNumber" name="should return default value when variable is missing" time="0.001">
    </testcase>
    <testcase classname="Config › Helper methods › getNumber" name="should return 0 when variable is missing and no default" time="0.003">
    </testcase>
    <testcase classname="Config › Helper methods › getNumber" name="should return default value for invalid number" time="0">
    </testcase>
  </testsuite>
  <testsuite name="__tests__/securityHeaders.test.js" errors="0" failures="5" skipped="0" timestamp="2025-12-16T09:13:16" time="0.119" tests="19">
    <testcase classname="Security Headers Middleware › securityHeaders" name="should initialize security headers" time="0.002">
    </testcase>
    <testcase classname="Security Headers Middleware › securityHeaders" name="should configure Content Security Policy" time="0.001">
    </testcase>
    <testcase classname="Security Headers Middleware › securityHeaders" name="should configure HSTS with proper settings" time="0.001">
    </testcase>
    <testcase classname="Security Headers Middleware › securityHeaders" name="should configure noSniff" time="0">
    </testcase>
    <testcase classname="Security Headers Middleware › securityHeaders" name="should configure frameguard with deny action" time="0.001">
    </testcase>
    <testcase classname="Security Headers Middleware › securityHeaders" name="should hide powered by header" time="0.001">
    </testcase>
    <testcase classname="Security Headers Middleware › securityHeaders" name="should configure referrer policy" time="0.001">
    </testcase>
    <testcase classname="Security Headers Middleware › securityHeaders" name="should configure permitted cross domain policies" time="0">
    </testcase>
    <testcase classname="Security Headers Middleware › securityHeaders" name="should add cache control for auth routes" time="0.001">
      <failure>TypeError: Cannot read properties of undefined (reading &apos;query&apos;)
    at Layer.query [as handle] (/workspaces/Infamous-freight-enterprises/node_modules/.pnpm/express@4.22.1/node_modules/express/lib/middleware/query.js:41:30)
    at Object.handle (/workspaces/Infamous-freight-enterprises/api/__tests__/securityHeaders.test.js:146:20)
    at Promise.finally.completed (/workspaces/Infamous-freight-enterprises/node_modules/.pnpm/jest-circus@30.2.0/node_modules/jest-circus/build/jestAdapterInit.js:1557:28)
    at new Promise (&lt;anonymous&gt;)
    at callAsyncCircusFn (/workspaces/Infamous-freight-enterprises/node_modules/.pnpm/jest-circus@30.2.0/node_modules/jest-circus/build/jestAdapterInit.js:1497:10)
    at _callCircusTest (/workspaces/Infamous-freight-enterprises/node_modules/.pnpm/jest-circus@30.2.0/node_modules/jest-circus/build/jestAdapterInit.js:1007:40)
    at _runTest (/workspaces/Infamous-freight-enterprises/node_modules/.pnpm/jest-circus@30.2.0/node_modules/jest-circus/build/jestAdapterInit.js:947:3)
    at /workspaces/Infamous-freight-enterprises/node_modules/.pnpm/jest-circus@30.2.0/node_modules/jest-circus/build/jestAdapterInit.js:849:7
    at _runTestsForDescribeBlock (/workspaces/Infamous-freight-enterprises/node_modules/.pnpm/jest-circus@30.2.0/node_modules/jest-circus/build/jestAdapterInit.js:862:11)
    at _runTestsForDescribeBlock (/workspaces/Infamous-freight-enterprises/node_modules/.pnpm/jest-circus@30.2.0/node_modules/jest-circus/build/jestAdapterInit.js:857:11)
    at _runTestsForDescribeBlock (/workspaces/Infamous-freight-enterprises/node_modules/.pnpm/jest-circus@30.2.0/node_modules/jest-circus/build/jestAdapterInit.js:857:11)
    at run (/workspaces/Infamous-freight-enterprises/node_modules/.pnpm/jest-circus@30.2.0/node_modules/jest-circus/build/jestAdapterInit.js:761:3)
    at runAndTransformResultsToJestFormat (/workspaces/Infamous-freight-enterprises/node_modules/.pnpm/jest-circus@30.2.0/node_modules/jest-circus/build/jestAdapterInit.js:1918:21)
    at jestAdapter (/workspaces/Infamous-freight-enterprises/node_modules/.pnpm/jest-circus@30.2.0/node_modules/jest-circus/build/runner.js:101:19)
    at runTestInternal (/workspaces/Infamous-freight-enterprises/node_modules/.pnpm/jest-runner@30.2.0/node_modules/jest-runner/build/index.js:275:16)
    at runTest (/workspaces/Infamous-freight-enterprises/node_modules/.pnpm/jest-runner@30.2.0/node_modules/jest-runner/build/index.js:343:7)</failure>
    </testcase>
    <testcase classname="Security Headers Middleware › securityHeaders" name="should add cache control for billing routes" time="0.002">
      <failure>TypeError: Cannot read properties of undefined (reading &apos;query&apos;)
    at Layer.query [as handle] (/workspaces/Infamous-freight-enterprises/node_modules/.pnpm/express@4.22.1/node_modules/express/lib/middleware/query.js:41:30)
    at Object.handle (/workspaces/Infamous-freight-enterprises/api/__tests__/securityHeaders.test.js:175:20)
    at Promise.finally.completed (/workspaces/Infamous-freight-enterprises/node_modules/.pnpm/jest-circus@30.2.0/node_modules/jest-circus/build/jestAdapterInit.js:1557:28)
    at new Promise (&lt;anonymous&gt;)
    at callAsyncCircusFn (/workspaces/Infamous-freight-enterprises/node_modules/.pnpm/jest-circus@30.2.0/node_modules/jest-circus/build/jestAdapterInit.js:1497:10)
    at _callCircusTest (/workspaces/Infamous-freight-enterprises/node_modules/.pnpm/jest-circus@30.2.0/node_modules/jest-circus/build/jestAdapterInit.js:1007:40)
    at _runTest (/workspaces/Infamous-freight-enterprises/node_modules/.pnpm/jest-circus@30.2.0/node_modules/jest-circus/build/jestAdapterInit.js:947:3)
    at /workspaces/Infamous-freight-enterprises/node_modules/.pnpm/jest-circus@30.2.0/node_modules/jest-circus/build/jestAdapterInit.js:849:7
    at _runTestsForDescribeBlock (/workspaces/Infamous-freight-enterprises/node_modules/.pnpm/jest-circus@30.2.0/node_modules/jest-circus/build/jestAdapterInit.js:862:11)
    at _runTestsForDescribeBlock (/workspaces/Infamous-freight-enterprises/node_modules/.pnpm/jest-circus@30.2.0/node_modules/jest-circus/build/jestAdapterInit.js:857:11)
    at _runTestsForDescribeBlock (/workspaces/Infamous-freight-enterprises/node_modules/.pnpm/jest-circus@30.2.0/node_modules/jest-circus/build/jestAdapterInit.js:857:11)
    at run (/workspaces/Infamous-freight-enterprises/node_modules/.pnpm/jest-circus@30.2.0/node_modules/jest-circus/build/jestAdapterInit.js:761:3)
    at runAndTransformResultsToJestFormat (/workspaces/Infamous-freight-enterprises/node_modules/.pnpm/jest-circus@30.2.0/node_modules/jest-circus/build/jestAdapterInit.js:1918:21)
    at jestAdapter (/workspaces/Infamous-freight-enterprises/node_modules/.pnpm/jest-circus@30.2.0/node_modules/jest-circus/build/runner.js:101:19)
    at runTestInternal (/workspaces/Infamous-freight-enterprises/node_modules/.pnpm/jest-runner@30.2.0/node_modules/jest-runner/build/index.js:275:16)
    at runTest (/workspaces/Infamous-freight-enterprises/node_modules/.pnpm/jest-runner@30.2.0/node_modules/jest-runner/build/index.js:343:7)</failure>
    </testcase>
    <testcase classname="Security Headers Middleware › securityHeaders" name="should not add cache control for other routes" time="0.001">
      <failure>TypeError: Cannot read properties of undefined (reading &apos;query&apos;)
    at Layer.query [as handle] (/workspaces/Infamous-freight-enterprises/node_modules/.pnpm/express@4.22.1/node_modules/express/lib/middleware/query.js:41:30)
    at Object.handle (/workspaces/Infamous-freight-enterprises/api/__tests__/securityHeaders.test.js:203:20)
    at Promise.finally.completed (/workspaces/Infamous-freight-enterprises/node_modules/.pnpm/jest-circus@30.2.0/node_modules/jest-circus/build/jestAdapterInit.js:1557:28)
    at new Promise (&lt;anonymous&gt;)
    at callAsyncCircusFn (/workspaces/Infamous-freight-enterprises/node_modules/.pnpm/jest-circus@30.2.0/node_modules/jest-circus/build/jestAdapterInit.js:1497:10)
    at _callCircusTest (/workspaces/Infamous-freight-enterprises/node_modules/.pnpm/jest-circus@30.2.0/node_modules/jest-circus/build/jestAdapterInit.js:1007:40)
    at _runTest (/workspaces/Infamous-freight-enterprises/node_modules/.pnpm/jest-circus@30.2.0/node_modules/jest-circus/build/jestAdapterInit.js:947:3)
    at /workspaces/Infamous-freight-enterprises/node_modules/.pnpm/jest-circus@30.2.0/node_modules/jest-circus/build/jestAdapterInit.js:849:7
    at _runTestsForDescribeBlock (/workspaces/Infamous-freight-enterprises/node_modules/.pnpm/jest-circus@30.2.0/node_modules/jest-circus/build/jestAdapterInit.js:862:11)
    at _runTestsForDescribeBlock (/workspaces/Infamous-freight-enterprises/node_modules/.pnpm/jest-circus@30.2.0/node_modules/jest-circus/build/jestAdapterInit.js:857:11)
    at _runTestsForDescribeBlock (/workspaces/Infamous-freight-enterprises/node_modules/.pnpm/jest-circus@30.2.0/node_modules/jest-circus/build/jestAdapterInit.js:857:11)
    at run (/workspaces/Infamous-freight-enterprises/node_modules/.pnpm/jest-circus@30.2.0/node_modules/jest-circus/build/jestAdapterInit.js:761:3)
    at runAndTransformResultsToJestFormat (/workspaces/Infamous-freight-enterprises/node_modules/.pnpm/jest-circus@30.2.0/node_modules/jest-circus/build/jestAdapterInit.js:1918:21)
    at jestAdapter (/workspaces/Infamous-freight-enterprises/node_modules/.pnpm/jest-circus@30.2.0/node_modules/jest-circus/build/runner.js:101:19)
    at runTestInternal (/workspaces/Infamous-freight-enterprises/node_modules/.pnpm/jest-runner@30.2.0/node_modules/jest-runner/build/index.js:275:16)
    at runTest (/workspaces/Infamous-freight-enterprises/node_modules/.pnpm/jest-runner@30.2.0/node_modules/jest-runner/build/index.js:343:7)</failure>
    </testcase>
    <testcase classname="Security Headers Middleware › handleCSPViolation" name="should log CSP violation" time="0.001">
      <failure>TypeError: res.status(...).send is not a function
    at send (/workspaces/Infamous-freight-enterprises/api/src/middleware/securityHeaders.js:122:19)
    at Object.handleCSPViolation (/workspaces/Infamous-freight-enterprises/api/__tests__/securityHeaders.test.js:229:7)
    at Promise.finally.completed (/workspaces/Infamous-freight-enterprises/node_modules/.pnpm/jest-circus@30.2.0/node_modules/jest-circus/build/jestAdapterInit.js:1557:28)
    at new Promise (&lt;anonymous&gt;)
    at callAsyncCircusFn (/workspaces/Infamous-freight-enterprises/node_modules/.pnpm/jest-circus@30.2.0/node_modules/jest-circus/build/jestAdapterInit.js:1497:10)
    at _callCircusTest (/workspaces/Infamous-freight-enterprises/node_modules/.pnpm/jest-circus@30.2.0/node_modules/jest-circus/build/jestAdapterInit.js:1007:40)
    at _runTest (/workspaces/Infamous-freight-enterprises/node_modules/.pnpm/jest-circus@30.2.0/node_modules/jest-circus/build/jestAdapterInit.js:947:3)
    at /workspaces/Infamous-freight-enterprises/node_modules/.pnpm/jest-circus@30.2.0/node_modules/jest-circus/build/jestAdapterInit.js:849:7
    at _runTestsForDescribeBlock (/workspaces/Infamous-freight-enterprises/node_modules/.pnpm/jest-circus@30.2.0/node_modules/jest-circus/build/jestAdapterInit.js:862:11)
    at _runTestsForDescribeBlock (/workspaces/Infamous-freight-enterprises/node_modules/.pnpm/jest-circus@30.2.0/node_modules/jest-circus/build/jestAdapterInit.js:857:11)
    at _runTestsForDescribeBlock (/workspaces/Infamous-freight-enterprises/node_modules/.pnpm/jest-circus@30.2.0/node_modules/jest-circus/build/jestAdapterInit.js:857:11)
    at run (/workspaces/Infamous-freight-enterprises/node_modules/.pnpm/jest-circus@30.2.0/node_modules/jest-circus/build/jestAdapterInit.js:761:3)
    at runAndTransformResultsToJestFormat (/workspaces/Infamous-freight-enterprises/node_modules/.pnpm/jest-circus@30.2.0/node_modules/jest-circus/build/jestAdapterInit.js:1918:21)
    at jestAdapter (/workspaces/Infamous-freight-enterprises/node_modules/.pnpm/jest-circus@30.2.0/node_modules/jest-circus/build/runner.js:101:19)
    at runTestInternal (/workspaces/Infamous-freight-enterprises/node_modules/.pnpm/jest-runner@30.2.0/node_modules/jest-runner/build/index.js:275:16)
    at runTest (/workspaces/Infamous-freight-enterprises/node_modules/.pnpm/jest-runner@30.2.0/node_modules/jest-runner/build/index.js:343:7)</failure>
    </testcase>
    <testcase classname="Security Headers Middleware › handleCSPViolation" name="should handle empty CSP violation body" time="0.001">
      <failure>TypeError: res.status(...).send is not a function
    at send (/workspaces/Infamous-freight-enterprises/api/src/middleware/securityHeaders.js:122:19)
    at Object.handleCSPViolation (/workspaces/Infamous-freight-enterprises/api/__tests__/securityHeaders.test.js:245:7)
    at Promise.finally.completed (/workspaces/Infamous-freight-enterprises/node_modules/.pnpm/jest-circus@30.2.0/node_modules/jest-circus/build/jestAdapterInit.js:1557:28)
    at new Promise (&lt;anonymous&gt;)
    at callAsyncCircusFn (/workspaces/Infamous-freight-enterprises/node_modules/.pnpm/jest-circus@30.2.0/node_modules/jest-circus/build/jestAdapterInit.js:1497:10)
    at _callCircusTest (/workspaces/Infamous-freight-enterprises/node_modules/.pnpm/jest-circus@30.2.0/node_modules/jest-circus/build/jestAdapterInit.js:1007:40)
    at _runTest (/workspaces/Infamous-freight-enterprises/node_modules/.pnpm/jest-circus@30.2.0/node_modules/jest-circus/build/jestAdapterInit.js:947:3)
    at /workspaces/Infamous-freight-enterprises/node_modules/.pnpm/jest-circus@30.2.0/node_modules/jest-circus/build/jestAdapterInit.js:849:7
    at _runTestsForDescribeBlock (/workspaces/Infamous-freight-enterprises/node_modules/.pnpm/jest-circus@30.2.0/node_modules/jest-circus/build/jestAdapterInit.js:862:11)
    at _runTestsForDescribeBlock (/workspaces/Infamous-freight-enterprises/node_modules/.pnpm/jest-circus@30.2.0/node_modules/jest-circus/build/jestAdapterInit.js:857:11)
    at _runTestsForDescribeBlock (/workspaces/Infamous-freight-enterprises/node_modules/.pnpm/jest-circus@30.2.0/node_modules/jest-circus/build/jestAdapterInit.js:857:11)
    at run (/workspaces/Infamous-freight-enterprises/node_modules/.pnpm/jest-circus@30.2.0/node_modules/jest-circus/build/jestAdapterInit.js:761:3)
    at runAndTransformResultsToJestFormat (/workspaces/Infamous-freight-enterprises/node_modules/.pnpm/jest-circus@30.2.0/node_modules/jest-circus/build/jestAdapterInit.js:1918:21)
    at jestAdapter (/workspaces/Infamous-freight-enterprises/node_modules/.pnpm/jest-circus@30.2.0/node_modules/jest-circus/build/runner.js:101:19)
    at runTestInternal (/workspaces/Infamous-freight-enterprises/node_modules/.pnpm/jest-runner@30.2.0/node_modules/jest-runner/build/index.js:275:16)
    at runTest (/workspaces/Infamous-freight-enterprises/node_modules/.pnpm/jest-runner@30.2.0/node_modules/jest-runner/build/index.js:343:7)</failure>
    </testcase>
    <testcase classname="Security Headers Middleware › handleCSPViolation" name="should handle malformed CSP violation" time="0.001">
    </testcase>
    <testcase classname="Security Headers Middleware › CSP configuration" name="should include upgradeInsecureRequests directive" time="0.001">
    </testcase>
    <testcase classname="Security Headers Middleware › CSP configuration" name="should configure script-src with unsafe-inline" time="0.001">
    </testcase>
    <testcase classname="Security Headers Middleware › CSP configuration" name="should configure object-src as none" time="0.001">
    </testcase>
    <testcase classname="Security Headers Middleware › CSP configuration" name="should configure frame-src as none" time="0.001">
    </testcase>
    <testcase classname="Security Headers Middleware › CSP configuration" name="should allow data: and https: for images" time="0.001">
    </testcase>
  </testsuite>
  <testsuite name="__tests__/sentry.test.js" errors="0" failures="0" skipped="0" timestamp="2025-12-16T09:13:16" time="0.101" tests="17">
    <testcase classname="Sentry Configuration › initSentry" name="should initialize Sentry in production with DSN" time="0.003">
    </testcase>
    <testcase classname="Sentry Configuration › initSentry" name="should not initialize Sentry in development" time="0.001">
    </testcase>
    <testcase classname="Sentry Configuration › initSentry" name="should not initialize Sentry in test environment" time="0.001">
    </testcase>
    <testcase classname="Sentry Configuration › initSentry" name="should warn when DSN not configured in production" time="0.001">
    </testcase>
    <testcase classname="Sentry Configuration › initSentry" name="should include profiling integration when available" time="0.001">
    </testcase>
    <testcase classname="Sentry Configuration › initSentry" name="should include HTTP and Express integrations" time="0.001">
    </testcase>
    <testcase classname="Sentry Configuration › initSentry" name="should configure ignored errors" time="0.001">
    </testcase>
    <testcase classname="Sentry Configuration › attachErrorHandler" name="should attach error handler in production with DSN" time="0">
    </testcase>
    <testcase classname="Sentry Configuration › attachErrorHandler" name="should not attach error handler in development" time="0.001">
    </testcase>
    <testcase classname="Sentry Configuration › attachErrorHandler" name="should not attach error handler without DSN" time="0.001">
    </testcase>
    <testcase classname="Sentry Configuration › captureException" name="should capture exception when DSN configured" time="0.001">
    </testcase>
    <testcase classname="Sentry Configuration › captureException" name="should not capture exception without DSN" time="0.001">
    </testcase>
    <testcase classname="Sentry Configuration › captureException" name="should handle captureException without context" time="0.003">
    </testcase>
    <testcase classname="Sentry Configuration › captureMessage" name="should capture message when DSN configured" time="0.001">
    </testcase>
    <testcase classname="Sentry Configuration › captureMessage" name="should not capture message without DSN" time="0.002">
    </testcase>
    <testcase classname="Sentry Configuration › captureMessage" name="should default to info level" time="0">
    </testcase>
    <testcase classname="Sentry Configuration › Profiling integration" name="should handle missing profiling integration gracefully" time="0.001">
    </testcase>
  </testsuite>
  <testsuite name="__tests__/routes.users.test.js" errors="0" failures="0" skipped="0" timestamp="2025-12-16T09:13:16" time="0.453" tests="17">
    <testcase classname="Users API Routes › GET /api/users" name="returns all users when authenticated with users:read scope" time="0.006">
    </testcase>
    <testcase classname="Users API Routes › GET /api/users" name="returns 401 when not authenticated" time="0.003">
    </testcase>
    <testcase classname="Users API Routes › GET /api/users" name="returns 403 when missing required scope" time="0.002">
    </testcase>
    <testcase classname="Users API Routes › GET /api/users" name="handles database errors gracefully" time="0.003">
    </testcase>
    <testcase classname="Users API Routes › GET /api/users/:id" name="returns user by ID when found" time="0.003">
    </testcase>
    <testcase classname="Users API Routes › GET /api/users/:id" name="returns 404 when user not found" time="0.003">
    </testcase>
    <testcase classname="Users API Routes › GET /api/users/:id" name="returns 401 when not authenticated" time="0.002">
    </testcase>
    <testcase classname="Users API Routes › POST /api/users" name="creates new user with valid data" time="0.005">
    </testcase>
    <testcase classname="Users API Routes › POST /api/users" name="defaults role to &apos;user&apos; when not provided" time="0.003">
    </testcase>
    <testcase classname="Users API Routes › POST /api/users" name="returns 400 when email is missing" time="0.002">
    </testcase>
    <testcase classname="Users API Routes › POST /api/users" name="returns 403 when missing users:write scope" time="0.002">
    </testcase>
    <testcase classname="Users API Routes › PATCH /api/users/:id" name="updates user with valid data" time="0.003">
    </testcase>
    <testcase classname="Users API Routes › PATCH /api/users/:id" name="returns 404 when user not found during update" time="0.003">
    </testcase>
    <testcase classname="Users API Routes › PATCH /api/users/:id" name="returns 403 when missing users:write scope" time="0.002">
    </testcase>
    <testcase classname="Users API Routes › DELETE /api/users/:id" name="deletes user successfully" time="0.01">
    </testcase>
    <testcase classname="Users API Routes › DELETE /api/users/:id" name="returns 404 when user not found during delete" time="0.003">
    </testcase>
    <testcase classname="Users API Routes › DELETE /api/users/:id" name="returns 403 when missing users:write scope" time="0.003">
    </testcase>
  </testsuite>
  <testsuite name="__tests__/errorHandler.test.js" errors="0" failures="0" skipped="0" timestamp="2025-12-16T09:13:16" time="0.079" tests="18">
    <testcase classname="Error Handler Middleware" name="should handle MulterError" time="0.012">
    </testcase>
    <testcase classname="Error Handler Middleware" name="should handle LIMIT_FILE_SIZE error" time="0.002">
    </testcase>
    <testcase classname="Error Handler Middleware" name="should handle file upload error without message" time="0">
    </testcase>
    <testcase classname="Error Handler Middleware" name="should handle validation error with status 400" time="0.001">
    </testcase>
    <testcase classname="Error Handler Middleware" name="should handle validation error with array method" time="0.001">
    </testcase>
    <testcase classname="Error Handler Middleware" name="should handle 401 authentication error" time="0.001">
    </testcase>
    <testcase classname="Error Handler Middleware" name="should handle 401 error without message" time="0">
    </testcase>
    <testcase classname="Error Handler Middleware" name="should handle 403 forbidden error" time="0.001">
    </testcase>
    <testcase classname="Error Handler Middleware" name="should handle 403 error without message" time="0.001">
    </testcase>
    <testcase classname="Error Handler Middleware" name="should handle 404 not found error" time="0">
    </testcase>
    <testcase classname="Error Handler Middleware" name="should handle 404 error without message" time="0">
    </testcase>
    <testcase classname="Error Handler Middleware" name="should handle 500 server error in production" time="0">
    </testcase>
    <testcase classname="Error Handler Middleware" name="should handle 500 server error in development" time="0">
    </testcase>
    <testcase classname="Error Handler Middleware" name="should handle error without status (default to 500)" time="0.001">
    </testcase>
    <testcase classname="Error Handler Middleware" name="should handle error without message" time="0.001">
    </testcase>
    <testcase classname="Error Handler Middleware" name="should handle custom status codes" time="0">
    </testcase>
    <testcase classname="Error Handler Middleware" name="should handle non-integer status codes" time="0.001">
    </testcase>
    <testcase classname="Error Handler Middleware" name="should log error details" time="0">
    </testcase>
  </testsuite>
  <testsuite name="src/services/__tests__/aiSyntheticClient.test.js" errors="0" failures="0" skipped="0" timestamp="2025-12-16T09:13:17" time="0.194" tests="5">
    <testcase classname="aiSyntheticClient sendCommand" name="uses synthetic provider when configured" time="0.046">
    </testcase>
    <testcase classname="aiSyntheticClient sendCommand" name="throws helpful error when synthetic engine is missing" time="0.041">
    </testcase>
    <testcase classname="aiSyntheticClient sendCommand" name="surfaces upstream errors from synthetic engine" time="0.023">
    </testcase>
    <testcase classname="aiSyntheticClient sendCommand" name="routes through OpenAI when provider configured" time="0.013">
    </testcase>
    <testcase classname="aiSyntheticClient sendCommand" name="throws when OpenAI provider lacks configuration" time="0.024">
    </testcase>
  </testsuite>
  <testsuite name="__tests__/validation.test.js" errors="0" failures="0" skipped="0" timestamp="2025-12-16T09:13:17" time="0.128" tests="7">
    <testcase classname="Validation Middleware › validateEmail" name="should create email validator" time="0.001">
    </testcase>
    <testcase classname="Validation Middleware › validateString" name="should create string validator with default options" time="0.001">
    </testcase>
    <testcase classname="Validation Middleware › validateString" name="should create string validator with custom options" time="0.001">
    </testcase>
    <testcase classname="Validation Middleware › validatePhone" name="should create phone validator" time="0.001">
    </testcase>
    <testcase classname="Validation Middleware › validateUUID" name="should create UUID validator" time="0.001">
    </testcase>
    <testcase classname="Validation Middleware › handleValidationErrors" name="should call next when no validation errors" time="0.001">
    </testcase>
    <testcase classname="Validation Middleware › handleValidationErrors" name="should pass error to next when validation errors exist" time="0.001">
    </testcase>
  </testsuite>
  <testsuite name="__tests__/routes.success.test.js" errors="0" failures="0" skipped="0" timestamp="2025-12-16T09:13:17" time="0.325" tests="3">
    <testcase classname="Route success flows" name="ai command executes when payload is valid" time="0.022">
    </testcase>
    <testcase classname="Route success flows" name="voice command forwards text to AI service" time="0.012">
    </testcase>
    <testcase classname="Route success flows" name="voice ingest accepts supported audio uploads" time="0.011">
    </testcase>
  </testsuite>
  <testsuite name="__tests__/logger.test.js" errors="0" failures="0" skipped="0" timestamp="2025-12-16T09:13:17" time="0.042" tests="7">
    <testcase classname="Logger" name="logger should be defined" time="0.001">
    </testcase>
    <testcase classname="Logger" name="httpLogger should be a middleware function" time="0.001">
    </testcase>
    <testcase classname="Logger" name="logger.info should log info messages" time="0.001">
    </testcase>
    <testcase classname="Logger" name="logger.error should log error messages" time="0.001">
    </testcase>
    <testcase classname="Logger" name="logger.warn should log warning messages" time="0">
    </testcase>
    <testcase classname="Logger" name="logger.debug should log debug messages" time="0">
    </testcase>
    <testcase classname="Logger" name="httpLogger should work as Express middleware" time="0">
    </testcase>
  </testsuite>
  <testsuite name="__tests__/server.test.js" errors="0" failures="0" skipped="0" timestamp="2025-12-16T09:13:17" time="0.045" tests="2">
    <testcase classname="Server initialization" name="should load configuration" time="0.001">
    </testcase>
    <testcase classname="Server initialization" name="should have development mode" time="0">
    </testcase>
  </testsuite>
  <testsuite name="src/routes/__tests__/health.test.js" errors="0" failures="0" skipped="0" timestamp="2025-12-16T09:13:17" time="0.036" tests="1">
    <testcase classname="Health Route" name="should return ok status" time="0.001">
    </testcase>
  </testsuite>
</testsuites>