<?xml version="1.0" encoding="UTF-8"?>
<testsuites name="jest tests" tests="11" failures="0" errors="0" time="1.723">
  <testsuite name="Dispatch Routes - DeliveryTime Validation Logic" errors="0" failures="0" skipped="0" timestamp="2025-12-29T21:11:14" time="1.516" tests="11">
    <testcase classname="Dispatch Routes - DeliveryTime Validation Logic › Custom deliveryTime validation logic" name="should accept deliveryTime after pickupTime" time="0.002">
    </testcase>
    <testcase classname="Dispatch Routes - DeliveryTime Validation Logic › Custom deliveryTime validation logic" name="should reject deliveryTime before pickupTime" time="0">
    </testcase>
    <testcase classname="Dispatch Routes - DeliveryTime Validation Logic › Custom deliveryTime validation logic" name="should reject deliveryTime equal to pickupTime" time="0">
    </testcase>
    <testcase classname="Dispatch Routes - DeliveryTime Validation Logic › Custom deliveryTime validation logic" name="should accept deliveryTime 1 second after pickupTime" time="0">
    </testcase>
    <testcase classname="Dispatch Routes - DeliveryTime Validation Logic › Custom deliveryTime validation logic" name="should handle timezone differences correctly" time="0">
    </testcase>
    <testcase classname="Dispatch Routes - DeliveryTime Validation Logic › Custom deliveryTime validation logic" name="should return valid when pickupTime is undefined" time="0">
    </testcase>
    <testcase classname="Dispatch Routes - DeliveryTime Validation Logic › Custom deliveryTime validation logic" name="should return valid when pickupTime is invalid ISO8601 format" time="0">
    </testcase>
    <testcase classname="Dispatch Routes - DeliveryTime Validation Logic › Custom deliveryTime validation logic" name="should return valid when deliveryTime is invalid ISO8601 format" time="0">
    </testcase>
    <testcase classname="Dispatch Routes - DeliveryTime Validation Logic › Custom deliveryTime validation logic" name="should handle different date formats" time="0">
    </testcase>
    <testcase classname="Dispatch Routes - DeliveryTime Validation Logic › Custom deliveryTime validation logic" name="should handle dates far apart" time="0">
    </testcase>
    <testcase classname="Dispatch Routes - DeliveryTime Validation Logic › Custom deliveryTime validation logic" name="should reject when delivery is 1 millisecond before pickup" time="0">
    </testcase>
  </testsuite>
</testsuites>