<?xml version="1.0" encoding="UTF-8"?>
<testsuites name="jest tests" tests="6" failures="0" errors="0" time="2.844">
  <testsuite name="aiCoach.service" errors="0" failures="0" skipped="0" timestamp="2025-12-29T21:37:28" time="2.634" tests="6">
    <testcase classname="aiCoach.service › generateCoaching" name="should handle driver with no loads" time="0.002">
    </testcase>
    <testcase classname="aiCoach.service › generateCoaching" name="should calculate metrics for delivered loads only" time="0">
    </testcase>
    <testcase classname="aiCoach.service › generateCoaching" name="should handle loads without ratings" time="0.001">
    </testcase>
    <testcase classname="aiCoach.service › generateCoaching" name="should provide appropriate feedback for low rating" time="0.001">
    </testcase>
    <testcase classname="aiCoach.service › generateCoaching" name="should provide excellent feedback for high performance" time="0">
    </testcase>
    <testcase classname="aiCoach.service › generateCoaching" name="should calculate correct average rating" time="0.001">
    </testcase>
  </testsuite>
</testsuites>