<?xml version="1.0" encoding="UTF-8"?>
<testsuites name="jest tests" tests="166" failures="0" errors="0" time="58.257">
  <testsuite name="Shipment Calculation Utils" errors="0" failures="0" skipped="0" timestamp="2026-01-10T10:21:34" time="11.701" tests="17">
    <testcase classname="Shipment Calculation Utils › calculateShippingPrice" name="should calculate local delivery price" time="0.019">
    </testcase>
    <testcase classname="Shipment Calculation Utils › calculateShippingPrice" name="should calculate regional delivery price" time="0.002">
    </testcase>
    <testcase classname="Shipment Calculation Utils › calculateShippingPrice" name="should calculate national delivery price" time="0.001">
    </testcase>
    <testcase classname="Shipment Calculation Utils › calculateShippingPrice" name="should apply weight surcharge" time="0">
    </testcase>
    <testcase classname="Shipment Calculation Utils › calculateShippingPrice" name="should apply distance surcharge" time="0.001">
    </testcase>
    <testcase classname="Shipment Calculation Utils › calculateDistance" name="should calculate distance between two points" time="0.007">
    </testcase>
    <testcase classname="Shipment Calculation Utils › calculateDistance" name="should handle same location" time="0">
    </testcase>
    <testcase classname="Shipment Calculation Utils › calculateDistance" name="should calculate long distances" time="0">
    </testcase>
    <testcase classname="Shipment Calculation Utils › calculateDeliveryTime" name="should estimate delivery time for local" time="0.001">
    </testcase>
    <testcase classname="Shipment Calculation Utils › calculateDeliveryTime" name="should estimate delivery time for regional" time="0.008">
    </testcase>
    <testcase classname="Shipment Calculation Utils › calculateDeliveryTime" name="should account for service type" time="0">
    </testcase>
    <testcase classname="Shipment Calculation Utils › formatAddress" name="should format address correctly" time="0.007">
    </testcase>
    <testcase classname="Shipment Calculation Utils › formatAddress" name="should handle missing fields" time="0">
    </testcase>
    <testcase classname="Shipment Calculation Utils › validateEmail" name="should validate correct email" time="0.001">
    </testcase>
    <testcase classname="Shipment Calculation Utils › validateEmail" name="should reject invalid emails" time="0.008">
    </testcase>
    <testcase classname="Shipment Calculation Utils › validatePhone" name="should validate US phone numbers" time="0">
    </testcase>
    <testcase classname="Shipment Calculation Utils › validatePhone" name="should reject invalid phone numbers" time="0.003">
    </testcase>
  </testsuite>
  <testsuite name="Security Utilities" errors="0" failures="0" skipped="0" timestamp="2026-01-10T10:21:45" time="1.051" tests="11">
    <testcase classname="Security Utilities › encryptData and decryptData" name="should encrypt and decrypt data" time="0.008">
    </testcase>
    <testcase classname="Security Utilities › encryptData and decryptData" name="should produce different ciphers for same data" time="0.003">
    </testcase>
    <testcase classname="Security Utilities › encryptData and decryptData" name="should handle special characters" time="0.001">
    </testcase>
    <testcase classname="Security Utilities › generateToken" name="should generate unique tokens" time="0.001">
    </testcase>
    <testcase classname="Security Utilities › generateToken" name="should generate tokens of correct length" time="0.001">
    </testcase>
    <testcase classname="Security Utilities › generateToken" name="should generate valid hex strings" time="0.001">
    </testcase>
    <testcase classname="Security Utilities › hashPassword and verifyPassword" name="should hash password" time="0.043">
    </testcase>
    <testcase classname="Security Utilities › hashPassword and verifyPassword" name="should verify correct password" time="0.063">
    </testcase>
    <testcase classname="Security Utilities › hashPassword and verifyPassword" name="should reject incorrect password" time="0.1">
    </testcase>
    <testcase classname="Security Utilities › hashPassword and verifyPassword" name="should produce different hashes for same password" time="0.101">
    </testcase>
    <testcase classname="Security Utilities › hashPassword and verifyPassword" name="should handle special characters in password" time="0.104">
    </testcase>
  </testsuite>
  <testsuite name="Driver Availability Predictor API Handlers" errors="0" failures="0" skipped="0" timestamp="2026-01-10T10:21:46" time="0.511" tests="11">
    <testcase classname="Driver Availability Predictor API Handlers › predictAvailability" name="should predict driver availability successfully" time="0.076">
    </testcase>
    <testcase classname="Driver Availability Predictor API Handlers › predictAvailability" name="should return 400 if driverId is missing" time="0.006">
    </testcase>
    <testcase classname="Driver Availability Predictor API Handlers › predictAvailability" name="should handle different weather conditions" time="0.005">
    </testcase>
    <testcase classname="Driver Availability Predictor API Handlers › predictAvailability" name="should handle high traffic levels" time="0.001">
    </testcase>
    <testcase classname="Driver Availability Predictor API Handlers › predictAvailability" name="should include confidence score" time="0.003">
    </testcase>
    <testcase classname="Driver Availability Predictor API Handlers › getRecommendations" name="should return driver recommendations" time="0.003">
    </testcase>
    <testcase classname="Driver Availability Predictor API Handlers › getRecommendations" name="should return 400 if targetTime is missing" time="0">
    </testcase>
    <testcase classname="Driver Availability Predictor API Handlers › getRecommendations" name="should filter by minimum availability threshold" time="0.003">
    </testcase>
    <testcase classname="Driver Availability Predictor API Handlers › getRecommendations" name="should respect limit parameter" time="0.003">
    </testcase>
    <testcase classname="Driver Availability Predictor API Handlers › Error Handling" name="should handle prediction errors gracefully" time="0">
    </testcase>
    <testcase classname="Driver Availability Predictor API Handlers › Error Handling" name="should handle recommendation errors gracefully" time="0">
    </testcase>
  </testsuite>
  <testsuite name="Formatter Utilities" errors="0" failures="0" skipped="0" timestamp="2026-01-10T10:21:47" time="0.546" tests="19">
    <testcase classname="Formatter Utilities › formatCurrency" name="should format USD currency" time="0.013">
    </testcase>
    <testcase classname="Formatter Utilities › formatCurrency" name="should format EUR currency" time="0.003">
    </testcase>
    <testcase classname="Formatter Utilities › formatCurrency" name="should handle zero amount" time="0">
    </testcase>
    <testcase classname="Formatter Utilities › formatCurrency" name="should handle large amounts" time="0">
    </testcase>
    <testcase classname="Formatter Utilities › formatDate" name="should format date correctly" time="0.028">
    </testcase>
    <testcase classname="Formatter Utilities › formatDate" name="should support different formats" time="0.001">
    </testcase>
    <testcase classname="Formatter Utilities › formatDate" name="should handle ISO format" time="0.001">
    </testcase>
    <testcase classname="Formatter Utilities › formatPhoneNumber" name="should format US phone number" time="0.001">
    </testcase>
    <testcase classname="Formatter Utilities › formatPhoneNumber" name="should handle phone with country code" time="0.004">
    </testcase>
    <testcase classname="Formatter Utilities › formatPhoneNumber" name="should handle already formatted numbers" time="0.001">
    </testcase>
    <testcase classname="Formatter Utilities › formatPhoneNumber" name="should handle short numbers" time="0">
    </testcase>
    <testcase classname="Formatter Utilities › parseCSV" name="should parse simple CSV" time="0.002">
    </testcase>
    <testcase classname="Formatter Utilities › parseCSV" name="should handle quoted fields" time="0">
    </testcase>
    <testcase classname="Formatter Utilities › parseCSV" name="should handle empty lines" time="0.002">
    </testcase>
    <testcase classname="Formatter Utilities › stringToSlug" name="should convert to lowercase slug" time="0.001">
    </testcase>
    <testcase classname="Formatter Utilities › stringToSlug" name="should remove special characters" time="0">
    </testcase>
    <testcase classname="Formatter Utilities › stringToSlug" name="should replace spaces with hyphens" time="0.003">
    </testcase>
    <testcase classname="Formatter Utilities › stringToSlug" name="should handle multiple spaces" time="0">
    </testcase>
    <testcase classname="Formatter Utilities › stringToSlug" name="should handle hyphens" time="0.001">
    </testcase>
  </testsuite>
  <testsuite name="VoiceService" errors="0" failures="0" skipped="0" timestamp="2026-01-10T10:21:47" time="0.549" tests="10">
    <testcase classname="VoiceService › ingestVoiceCall" name="should ingest voice call" time="0.023">
    </testcase>
    <testcase classname="VoiceService › ingestVoiceCall" name="should validate phone number" time="0.045">
    </testcase>
    <testcase classname="VoiceService › transcribeAudio" name="should transcribe audio successfully" time="0.002">
    </testcase>
    <testcase classname="VoiceService › transcribeAudio" name="should handle different languages" time="0.001">
    </testcase>
    <testcase classname="VoiceService › transcribeAudio" name="should handle transcription errors" time="0.001">
    </testcase>
    <testcase classname="VoiceService › processVoiceCommand" name="should process voice command" time="0">
    </testcase>
    <testcase classname="VoiceService › processVoiceCommand" name="should extract parameters from command" time="0.001">
    </testcase>
    <testcase classname="VoiceService › initiateCall" name="should initiate outbound call" time="0">
    </testcase>
    <testcase classname="VoiceService › recordCall" name="should record call" time="0.001">
    </testcase>
    <testcase classname="VoiceService › getCallHistory" name="should retrieve call history" time="0.001">
    </testcase>
  </testsuite>
  <testsuite name="Rate Limiting Load Tests" errors="0" failures="0" skipped="0" timestamp="2026-01-10T10:21:48" time="0.798" tests="5">
    <testcase classname="Rate Limiting Load Tests" name="should export runLoadTest function" time="0.017">
    </testcase>
    <testcase classname="Rate Limiting Load Tests" name="should export runLoadTestSuite function" time="0.011">
    </testcase>
    <testcase classname="Rate Limiting Load Tests" name="should export analyzeRateLimitCompliance function" time="0.001">
    </testcase>
    <testcase classname="Rate Limiting Load Tests" name="should export exampleRateLimitingTests function" time="0">
    </testcase>
    <testcase classname="Rate Limiting Load Tests" name="analyzeRateLimitCompliance should identify compliant tests" time="0.016">
    </testcase>
  </testsuite>
  <testsuite name="EmailNotificationService" errors="0" failures="0" skipped="0" timestamp="2026-01-10T10:21:49" time="0.771" tests="7">
    <testcase classname="EmailNotificationService › sendShipmentNotification" name="should send shipment creation email" time="0.009">
    </testcase>
    <testcase classname="EmailNotificationService › sendShipmentNotification" name="should send delivery confirmation email" time="0">
    </testcase>
    <testcase classname="EmailNotificationService › sendInvoiceEmail" name="should send invoice to customer" time="0.003">
    </testcase>
    <testcase classname="EmailNotificationService › sendInvoiceEmail" name="should validate email address" time="0.051">
    </testcase>
    <testcase classname="EmailNotificationService › sendAlertEmail" name="should send alert email" time="0.001">
    </testcase>
    <testcase classname="EmailNotificationService › sendBulkEmail" name="should send emails to multiple recipients" time="0.004">
    </testcase>
    <testcase classname="EmailNotificationService › queueEmail" name="should queue email for later delivery" time="0.001">
    </testcase>
  </testsuite>
  <testsuite name="GPSTrackingManager" errors="0" failures="0" skipped="0" timestamp="2026-01-10T10:21:50" time="0.697" tests="19">
    <testcase classname="GPSTrackingManager › updateDriverLocation()" name="should store driver location" time="0.015">
    </testcase>
    <testcase classname="GPSTrackingManager › updateDriverLocation()" name="should track multiple location updates" time="0.009">
    </testcase>
    <testcase classname="GPSTrackingManager › updateDriverLocation()" name="should trigger speed alerts for excessive speed" time="0.001">
    </testcase>
    <testcase classname="GPSTrackingManager › calculateETA()" name="should calculate ETA based on current location" time="0.002">
    </testcase>
    <testcase classname="GPSTrackingManager › calculateETA()" name="should handle stationary drivers with lower confidence" time="0">
    </testcase>
    <testcase classname="GPSTrackingManager › calculateETA()" name="should return null for unknown driver" time="0">
    </testcase>
    <testcase classname="GPSTrackingManager › getLocationHistory()" name="should retrieve location history for a load" time="0.001">
    </testcase>
    <testcase classname="GPSTrackingManager › getActiveDrivers()" name="should return all active drivers" time="0.002">
    </testcase>
    <testcase classname="GPSTrackingManager › geofencing" name="should register geofences" time="0.001">
    </testcase>
    <testcase classname="GPSTrackingManager › geofencing" name="should detect geofence entry" time="0.001">
    </testcase>
    <testcase classname="GPSTrackingManager › storeLocationHistory()" name="should store location history" time="0.004">
    </testcase>
    <testcase classname="GPSTrackingManager › storeLocationHistory()" name="should store multiple histories for same driver" time="0.003">
    </testcase>
    <testcase classname="GPSTrackingManager › storeLocationHistory()" name="should return undefined for non-existent history" time="0.006">
    </testcase>
    <testcase classname="GPSTrackingManager › geofence exit detection" name="should detect geofence exit" time="0.001">
    </testcase>
    <testcase classname="GPSTrackingManager › geofence exit detection" name="should handle driver with no previous location" time="0">
    </testcase>
    <testcase classname="GPSTrackingManager › calculateETA() traffic factors" name="should apply peak hour traffic factor" time="0.004">
    </testcase>
    <testcase classname="GPSTrackingManager › calculateETA() traffic factors" name="should use minimum speed for stationary vehicles" time="0.002">
    </testcase>
    <testcase classname="GPSTrackingManager › performance" name="should handle high-frequency updates" time="0.001">
    </testcase>
    <testcase classname="GPSTrackingManager › edge cases" name="should handle invalid coordinates gracefully" time="0">
    </testcase>
  </testsuite>
  <testsuite name="GPS Tracking API Handlers" errors="0" failures="0" skipped="0" timestamp="2026-01-10T10:21:50" time="0.399" tests="15">
    <testcase classname="GPS Tracking API Handlers › updateLocation" name="should update driver location successfully" time="0.014">
    </testcase>
    <testcase classname="GPS Tracking API Handlers › updateLocation" name="should return 400 if driverId is missing" time="0.002">
    </testcase>
    <testcase classname="GPS Tracking API Handlers › updateLocation" name="should return 400 if latitude is missing" time="0.001">
    </testcase>
    <testcase classname="GPS Tracking API Handlers › updateLocation" name="should return 400 if longitude is missing" time="0.001">
    </testcase>
    <testcase classname="GPS Tracking API Handlers › updateLocation" name="should use default values for optional fields" time="0.001">
    </testcase>
    <testcase classname="GPS Tracking API Handlers › updateLocation" name="should report speed alerts" time="0.001">
    </testcase>
    <testcase classname="GPS Tracking API Handlers › getETA" name="should calculate ETA for driver" time="0.002">
    </testcase>
    <testcase classname="GPS Tracking API Handlers › getETA" name="should return 400 if driverId is missing" time="0.001">
    </testcase>
    <testcase classname="GPS Tracking API Handlers › getETA" name="should return 400 if destination is missing" time="0.001">
    </testcase>
    <testcase classname="GPS Tracking API Handlers › getETA" name="should return 404 if driver not found" time="0.001">
    </testcase>
    <testcase classname="GPS Tracking API Handlers › getActiveDrivers" name="should return list of active drivers" time="0.001">
    </testcase>
    <testcase classname="GPS Tracking API Handlers › getActiveDrivers" name="should format driver data correctly" time="0.002">
    </testcase>
    <testcase classname="GPS Tracking API Handlers › Error Handling" name="updateLocation should handle errors gracefully" time="0">
    </testcase>
    <testcase classname="GPS Tracking API Handlers › Error Handling" name="getETA should handle calculation errors" time="0">
    </testcase>
    <testcase classname="GPS Tracking API Handlers › Error Handling" name="getActiveDrivers should handle retrieval errors" time="0">
    </testcase>
  </testsuite>
  <testsuite name="Performance Tests" errors="0" failures="0" skipped="0" timestamp="2026-01-10T10:21:51" time="0.528" tests="6">
    <testcase classname="Performance Tests › GPS Tracking Performance" name="should handle 100 location updates in under 1 second" time="0.027">
    </testcase>
    <testcase classname="Performance Tests › GPS Tracking Performance" name="should calculate ETA for 50 drivers concurrently" time="0.01">
    </testcase>
    <testcase classname="Performance Tests › Route Optimizer Performance" name="should optimize 20 routes in under 2 seconds" time="0.016">
    </testcase>
    <testcase classname="Performance Tests › Route Optimizer Performance" name="should handle multi-stop optimization with 15 stops" time="0.006">
    </testcase>
    <testcase classname="Performance Tests › Memory Usage" name="should not leak memory during repeated operations" time="0.107">
    </testcase>
    <testcase classname="Performance Tests › Throughput" name="should handle sustained load of 500 requests" time="0.075">
    </testcase>
  </testsuite>
  <testsuite name="DriverAvailabilityPredictor" errors="0" failures="0" skipped="0" timestamp="2026-01-10T10:21:51" time="0.379" tests="9">
    <testcase classname="DriverAvailabilityPredictor › prediction types" name="should have proper type definitions" time="0.007">
    </testcase>
    <testcase classname="DriverAvailabilityPredictor › prediction types" name="should have proper prediction input type" time="0.002">
    </testcase>
    <testcase classname="DriverAvailabilityPredictor › prediction types" name="should validate prediction result structure" time="0.005">
    </testcase>
    <testcase classname="DriverAvailabilityPredictor › business logic validation" name="should validate weather conditions" time="0.019">
    </testcase>
    <testcase classname="DriverAvailabilityPredictor › business logic validation" name="should validate traffic levels" time="0.001">
    </testcase>
    <testcase classname="DriverAvailabilityPredictor › business logic validation" name="should validate time of day ranges" time="0.013">
    </testcase>
    <testcase classname="DriverAvailabilityPredictor › recommendation levels" name="should support HIGH recommendation" time="0.002">
    </testcase>
    <testcase classname="DriverAvailabilityPredictor › recommendation levels" name="should support MEDIUM recommendation" time="0.002">
    </testcase>
    <testcase classname="DriverAvailabilityPredictor › recommendation levels" name="should support LOW recommendation" time="0">
    </testcase>
  </testsuite>
  <testsuite name="RouteOptimizer" errors="0" failures="0" skipped="1" timestamp="2026-01-10T10:21:52" time="0.572" tests="19">
    <testcase classname="RouteOptimizer › optimizeRoute()" name="should optimize simple two-point route" time="0.003">
    </testcase>
    <testcase classname="RouteOptimizer › optimizeRoute()" name="should calculate fuel and cost estimates" time="0.001">
    </testcase>
    <testcase classname="RouteOptimizer › optimizeRoute()" name="should apply traffic multipliers correctly" time="0">
      <skipped/>
    </testcase>
    <testcase classname="RouteOptimizer › optimizeMultiStop()" name="should optimize multi-stop delivery route" time="0.001">
    </testcase>
    <testcase classname="RouteOptimizer › optimizeMultiStop()" name="should achieve efficiency improvement" time="0.002">
    </testcase>
    <testcase classname="RouteOptimizer › optimizeMultiStop()" name="should handle large number of stops" time="0.001">
    </testcase>
    <testcase classname="RouteOptimizer › compareRoutes()" name="should compare multiple route options" time="0.004">
    </testcase>
    <testcase classname="RouteOptimizer › distance calculations" name="should calculate distance accurately in routes" time="0.006">
    </testcase>
    <testcase classname="RouteOptimizer › performance" name="should optimize route in under 500ms" time="0.001">
    </testcase>
    <testcase classname="RouteOptimizer › edge cases and validation" name="should handle routes with same start and end" time="0.002">
    </testcase>
    <testcase classname="RouteOptimizer › edge cases and validation" name="should handle routes with very close waypoints" time="0.001">
    </testcase>
    <testcase classname="RouteOptimizer › edge cases and validation" name="should calculate fuel for long routes" time="0.001">
    </testcase>
    <testcase classname="RouteOptimizer › edge cases and validation" name="should optimize routes without names" time="0.001">
    </testcase>
    <testcase classname="RouteOptimizer › edge cases and validation" name="should handle empty alternatives in compareRoutes" time="0.001">
    </testcase>
    <testcase classname="RouteOptimizer › edge cases and validation" name="should sort alternatives by estimated time" time="0.004">
    </testcase>
    <testcase classname="RouteOptimizer › multi-stop optimization with waypoints" name="should handle single stop" time="0.001">
    </testcase>
    <testcase classname="RouteOptimizer › multi-stop optimization with waypoints" name="should optimize with many stops" time="0.002">
    </testcase>
    <testcase classname="RouteOptimizer › multi-stop optimization with waypoints" name="should calculate efficiency improvement" time="0.001">
    </testcase>
    <testcase classname="RouteOptimizer › multi-stop optimization with waypoints" name="should handle stops with duplicate locations" time="0">
    </testcase>
  </testsuite>
  <testsuite name="Route Optimizer API Handlers" errors="0" failures="0" skipped="0" timestamp="2026-01-10T10:21:52" time="0.55" tests="17">
    <testcase classname="Route Optimizer API Handlers › optimizeRoute" name="should optimize a simple route successfully" time="0.022">
    </testcase>
    <testcase classname="Route Optimizer API Handlers › optimizeRoute" name="should optimize route with waypoints" time="0.006">
    </testcase>
    <testcase classname="Route Optimizer API Handlers › optimizeRoute" name="should return 400 if start is missing" time="0.004">
    </testcase>
    <testcase classname="Route Optimizer API Handlers › optimizeRoute" name="should return 400 if end is missing" time="0.011">
    </testcase>
    <testcase classname="Route Optimizer API Handlers › optimizeRoute" name="should format time estimate correctly" time="0.001">
    </testcase>
    <testcase classname="Route Optimizer API Handlers › optimizeRoute" name="should handle errors gracefully" time="0.003">
    </testcase>
    <testcase classname="Route Optimizer API Handlers › optimizeRoute" name="should handle internal server errors" time="0.003">
    </testcase>
    <testcase classname="Route Optimizer API Handlers › optimizeMultiStop" name="should optimize multi-stop route successfully" time="0.002">
    </testcase>
    <testcase classname="Route Optimizer API Handlers › optimizeMultiStop" name="should return 400 if start is missing" time="0.001">
    </testcase>
    <testcase classname="Route Optimizer API Handlers › optimizeMultiStop" name="should return 400 if stops is missing" time="0.005">
    </testcase>
    <testcase classname="Route Optimizer API Handlers › optimizeMultiStop" name="should return 400 if stops is not an array" time="0">
    </testcase>
    <testcase classname="Route Optimizer API Handlers › optimizeMultiStop" name="should return 400 if stops array is empty" time="0.002">
    </testcase>
    <testcase classname="Route Optimizer API Handlers › optimizeMultiStop" name="should handle single stop" time="0.002">
    </testcase>
    <testcase classname="Route Optimizer API Handlers › optimizeMultiStop" name="should handle many stops" time="0.002">
    </testcase>
    <testcase classname="Route Optimizer API Handlers › optimizeMultiStop" name="should handle errors gracefully" time="0.002">
    </testcase>
    <testcase classname="Route Optimizer API Handlers › optimizeMultiStop" name="should calculate efficiency percentage" time="0">
    </testcase>
    <testcase classname="Route Optimizer API Handlers › optimizeMultiStop" name="should handle internal server errors" time="0.001">
    </testcase>
  </testsuite>
  <testsuite name="Rate Limiter Integration Tests" errors="0" failures="0" skipped="1" timestamp="2026-01-10T10:22:28" time="0.436" tests="1">
    <testcase classname="Rate Limiter Integration Tests" name="skipped in CI environment" time="0">
      <skipped/>
    </testcase>
  </testsuite>
</testsuites>