<?xml version="1.0" encoding="UTF-8"?>
<testsuites name="jest tests" tests="19" failures="1" errors="0" time="5.153">
  <testsuite name="RouteOptimizer" errors="0" failures="1" skipped="1" timestamp="2025-12-30T21:43:04" time="4.839" tests="19">
    <testcase classname="RouteOptimizer › optimizeRoute()" name="should optimize simple two-point route" time="0.014">
    </testcase>
    <testcase classname="RouteOptimizer › optimizeRoute()" name="should calculate fuel and cost estimates" time="0">
    </testcase>
    <testcase classname="RouteOptimizer › optimizeRoute()" name="should apply traffic multipliers correctly" time="0">
      <skipped/>
    </testcase>
    <testcase classname="RouteOptimizer › optimizeMultiStop()" name="should optimize multi-stop delivery route" time="0.001">
    </testcase>
    <testcase classname="RouteOptimizer › optimizeMultiStop()" name="should achieve efficiency improvement" time="0.001">
    </testcase>
    <testcase classname="RouteOptimizer › optimizeMultiStop()" name="should handle large number of stops" time="0.001">
    </testcase>
    <testcase classname="RouteOptimizer › compareRoutes()" name="should compare multiple route options" time="0.001">
    </testcase>
    <testcase classname="RouteOptimizer › distance calculations" name="should calculate distance accurately in routes" time="0">
    </testcase>
    <testcase classname="RouteOptimizer › performance" name="should optimize route in under 500ms" time="0.001">
    </testcase>
    <testcase classname="RouteOptimizer › edge cases and validation" name="should handle routes with same start and end" time="0">
    </testcase>
    <testcase classname="RouteOptimizer › edge cases and validation" name="should handle routes with very close waypoints" time="0">
    </testcase>
    <testcase classname="RouteOptimizer › edge cases and validation" name="should calculate fuel for long routes" time="0">
    </testcase>
    <testcase classname="RouteOptimizer › edge cases and validation" name="should optimize routes without names" time="0">
    </testcase>
    <testcase classname="RouteOptimizer › edge cases and validation" name="should handle empty alternatives in compareRoutes" time="0">
    </testcase>
    <testcase classname="RouteOptimizer › edge cases and validation" name="should sort alternatives by estimated time" time="0.001">
    </testcase>
    <testcase classname="RouteOptimizer › multi-stop optimization with waypoints" name="should handle single stop" time="0">
    </testcase>
    <testcase classname="RouteOptimizer › multi-stop optimization with waypoints" name="should optimize with many stops" time="0.002">
    </testcase>
    <testcase classname="RouteOptimizer › multi-stop optimization with waypoints" name="should calculate efficiency improvement" time="0.006">
      <failure>Error: expect(received).toBe(expected) // Object.is equality

Expected: true
Received: false
    at Object.&lt;anonymous&gt; (/workspaces/Infamous-freight-enterprises/src/apps/api/src/__tests__/routeOptimizer.test.ts:258:49)
    at Promise.then.completed (/workspaces/Infamous-freight-enterprises/node_modules/.pnpm/jest-circus@29.7.0/node_modules/jest-circus/build/utils.js:298:28)
    at new Promise (&lt;anonymous&gt;)
    at callAsyncCircusFn (/workspaces/Infamous-freight-enterprises/node_modules/.pnpm/jest-circus@29.7.0/node_modules/jest-circus/build/utils.js:231:10)
    at _callCircusTest (/workspaces/Infamous-freight-enterprises/node_modules/.pnpm/jest-circus@29.7.0/node_modules/jest-circus/build/run.js:316:40)
    at _runTest (/workspaces/Infamous-freight-enterprises/node_modules/.pnpm/jest-circus@29.7.0/node_modules/jest-circus/build/run.js:252:3)
    at _runTestsForDescribeBlock (/workspaces/Infamous-freight-enterprises/node_modules/.pnpm/jest-circus@29.7.0/node_modules/jest-circus/build/run.js:126:9)
    at _runTestsForDescribeBlock (/workspaces/Infamous-freight-enterprises/node_modules/.pnpm/jest-circus@29.7.0/node_modules/jest-circus/build/run.js:121:9)
    at _runTestsForDescribeBlock (/workspaces/Infamous-freight-enterprises/node_modules/.pnpm/jest-circus@29.7.0/node_modules/jest-circus/build/run.js:121:9)
    at run (/workspaces/Infamous-freight-enterprises/node_modules/.pnpm/jest-circus@29.7.0/node_modules/jest-circus/build/run.js:71:3)
    at runAndTransformResultsToJestFormat (/workspaces/Infamous-freight-enterprises/node_modules/.pnpm/jest-circus@29.7.0/node_modules/jest-circus/build/legacy-code-todo-rewrite/jestAdapterInit.js:122:21)
    at jestAdapter (/workspaces/Infamous-freight-enterprises/node_modules/.pnpm/jest-circus@29.7.0/node_modules/jest-circus/build/legacy-code-todo-rewrite/jestAdapter.js:79:19)
    at runTestInternal (/workspaces/Infamous-freight-enterprises/node_modules/.pnpm/jest-runner@29.7.0/node_modules/jest-runner/build/runTest.js:367:16)
    at runTest (/workspaces/Infamous-freight-enterprises/node_modules/.pnpm/jest-runner@29.7.0/node_modules/jest-runner/build/runTest.js:444:34)</failure>
    </testcase>
    <testcase classname="RouteOptimizer › multi-stop optimization with waypoints" name="should handle stops with duplicate locations" time="0">
    </testcase>
  </testsuite>
</testsuites>